<?xml version="1.0" encoding="UTF-8" ?>
<testsuite failures="0" time="0.096" errors="1" skipped="0" tests="1" name="MVCTest">
  <properties>
    <property name="java.runtime.name" value="Java(TM) SE Runtime Environment"/>
    <property name="sun.boot.library.path" value="D:\java\java.1.7.51\jre\bin"/>
    <property name="java.vm.version" value="24.51-b03"/>
    <property name="java.vm.vendor" value="Oracle Corporation"/>
    <property name="maven.multiModuleProjectDirectory" value="E:\CreateBeautify\workspace\ssm-crud"/>
    <property name="java.vendor.url" value="http://java.oracle.com/"/>
    <property name="path.separator" value=";"/>
    <property name="guice.disable.misplaced.annotation.check" value="true"/>
    <property name="java.vm.name" value="Java HotSpot(TM) 64-Bit Server VM"/>
    <property name="file.encoding.pkg" value="sun.io"/>
    <property name="user.script" value=""/>
    <property name="user.country" value="CN"/>
    <property name="sun.java.launcher" value="SUN_STANDARD"/>
    <property name="sun.os.patch.level" value="Service Pack 1"/>
    <property name="java.vm.specification.name" value="Java Virtual Machine Specification"/>
    <property name="user.dir" value="E:\CreateBeautify\workspace\ssm-crud"/>
    <property name="java.runtime.version" value="1.7.0_51-b13"/>
    <property name="java.awt.graphicsenv" value="sun.awt.Win32GraphicsEnvironment"/>
    <property name="java.endorsed.dirs" value="D:\java\java.1.7.51\jre\lib\endorsed"/>
    <property name="os.arch" value="amd64"/>
    <property name="java.io.tmpdir" value="C:\Users\ADMINI~1\AppData\Local\Temp\"/>
    <property name="line.separator" value="
"/>
    <property name="java.vm.specification.vendor" value="Oracle Corporation"/>
    <property name="user.variant" value=""/>
    <property name="os.name" value="Windows 7"/>
    <property name="classworlds.conf" value="E:\CreateBeautify\workspace\.metadata\.plugins\org.eclipse.m2e.launching\launches\m2conf1715134903327394849.tmp"/>
    <property name="sun.jnu.encoding" value="GBK"/>
    <property name="java.library.path" value="D:\java\java.1.7.51\bin;C:\Windows\Sun\Java\bin;C:\Windows\system32;C:\Windows;C:\Program Files\Python36\Scripts\;C:\Program Files\Python36\;C:\ProgramData\Oracle\Java\javapath;C:\Windows\system32;C:\Windows;C:\Windows\System32\Wbem;C:\Windows\System32\WindowsPowerShell\v1.0\;D:\java\java.1.7.51\bin;D:\java\java.1.7.51\jre\bin;D:\apache-tomcat-8.0.42\lib;D:\apache-tomcat-8.0.42\bin;D:\apache-maven-3.3.9\bin;D:\mysql-5.7.17-winx64\bin;C:\Program Files (x86)\Windows Kits\8.1\Windows Performance Toolkit\;E:\CreateBeautify\TortoiseSVN\bin;D:\Git\cmd;D:\Git\mingw64\bin;D:\Git\usr\bin;;D:\Develop Application\Microsoft VS Code\bin;."/>
    <property name="java.specification.name" value="Java Platform API Specification"/>
    <property name="java.class.version" value="51.0"/>
    <property name="sun.management.compiler" value="HotSpot 64-Bit Tiered Compilers"/>
    <property name="os.version" value="6.1"/>
    <property name="user.home" value="C:\Users\Administrator"/>
    <property name="user.timezone" value="Asia/Shanghai"/>
    <property name="java.awt.printerjob" value="sun.awt.windows.WPrinterJob"/>
    <property name="java.specification.version" value="1.7"/>
    <property name="file.encoding" value="GBK"/>
    <property name="user.name" value="root"/>
    <property name="java.class.path" value="D:\apache-maven-3.3.9\boot\plexus-classworlds-2.5.2.jar"/>
    <property name="java.vm.specification.version" value="1.7"/>
    <property name="sun.arch.data.model" value="64"/>
    <property name="java.home" value="D:\java\java.1.7.51\jre"/>
    <property name="sun.java.command" value="org.codehaus.plexus.classworlds.launcher.Launcher -B -gs D:\apache-maven-3.3.9\conf\settings.xml install"/>
    <property name="java.specification.vendor" value="Oracle Corporation"/>
    <property name="user.language" value="zh"/>
    <property name="awt.toolkit" value="sun.awt.windows.WToolkit"/>
    <property name="java.vm.info" value="mixed mode"/>
    <property name="java.version" value="1.7.0_51"/>
    <property name="java.ext.dirs" value="D:\java\java.1.7.51\jre\lib\ext;C:\Windows\Sun\Java\lib\ext"/>
    <property name="sun.boot.class.path" value="D:\java\java.1.7.51\jre\lib\resources.jar;D:\java\java.1.7.51\jre\lib\rt.jar;D:\java\java.1.7.51\jre\lib\sunrsasign.jar;D:\java\java.1.7.51\jre\lib\jsse.jar;D:\java\java.1.7.51\jre\lib\jce.jar;D:\java\java.1.7.51\jre\lib\charsets.jar;D:\java\java.1.7.51\jre\lib\jfr.jar;D:\java\java.1.7.51\jre\classes"/>
    <property name="java.vendor" value="Oracle Corporation"/>
    <property name="maven.home" value="D:\apache-maven-3.3.9"/>
    <property name="file.separator" value="\"/>
    <property name="java.vendor.url.bug" value="http://bugreport.sun.com/bugreport/"/>
    <property name="sun.cpu.endian" value="little"/>
    <property name="sun.io.unicode.encoding" value="UnicodeLittle"/>
    <property name="sun.desktop" value="windows"/>
    <property name="sun.cpu.isalist" value="amd64"/>
  </properties>
  <testcase time="0.096" classname="MVCTest" name="testPage">
    <error type="java.lang.NullPointerException">java.lang.NullPointerException
	at MVCTest.testPage(MVCTest.java:48)
	at sun.reflect.NativeMethodAccessorImpl.invoke0(Native Method)
	at sun.reflect.NativeMethodAccessorImpl.invoke(NativeMethodAccessorImpl.java:57)
	at sun.reflect.DelegatingMethodAccessorImpl.invoke(DelegatingMethodAccessorImpl.java:43)
	at java.lang.reflect.Method.invoke(Method.java:606)
	at org.junit.runners.model.FrameworkMethod$1.runReflectiveCall(FrameworkMethod.java:50)
	at org.junit.internal.runners.model.ReflectiveCallable.run(ReflectiveCallable.java:12)
	at org.junit.runners.model.FrameworkMethod.invokeExplosively(FrameworkMethod.java:47)
	at org.junit.internal.runners.statements.InvokeMethod.evaluate(InvokeMethod.java:17)
	at org.junit.internal.runners.statements.RunBefores.evaluate(RunBefores.java:26)
	at org.springframework.test.context.junit4.statements.RunBeforeTestMethodCallbacks.evaluate(RunBeforeTestMethodCallbacks.java:75)
	at org.springframework.test.context.junit4.statements.RunAfterTestMethodCallbacks.evaluate(RunAfterTestMethodCallbacks.java:86)
	at org.springframework.test.context.junit4.statements.SpringRepeat.evaluate(SpringRepeat.java:84)
	at org.junit.runners.ParentRunner.runLeaf(ParentRunner.java:325)
	at org.springframework.test.context.junit4.SpringJUnit4ClassRunner.runChild(SpringJUnit4ClassRunner.java:252)
	at org.springframework.test.context.junit4.SpringJUnit4ClassRunner.runChild(SpringJUnit4ClassRunner.java:94)
	at org.junit.runners.ParentRunner$3.run(ParentRunner.java:290)
	at org.junit.runners.ParentRunner$1.schedule(ParentRunner.java:71)
	at org.junit.runners.ParentRunner.runChildren(ParentRunner.java:288)
	at org.junit.runners.ParentRunner.access$000(ParentRunner.java:58)
	at org.junit.runners.ParentRunner$2.evaluate(ParentRunner.java:268)
	at org.springframework.test.context.junit4.statements.RunBeforeTestClassCallbacks.evaluate(RunBeforeTestClassCallbacks.java:61)
	at org.springframework.test.context.junit4.statements.RunAfterTestClassCallbacks.evaluate(RunAfterTestClassCallbacks.java:70)
	at org.junit.runners.ParentRunner.run(ParentRunner.java:363)
	at org.springframework.test.context.junit4.SpringJUnit4ClassRunner.run(SpringJUnit4ClassRunner.java:191)
	at org.apache.maven.surefire.junit4.JUnit4Provider.execute(JUnit4Provider.java:252)
	at org.apache.maven.surefire.junit4.JUnit4Provider.executeTestSet(JUnit4Provider.java:141)
	at org.apache.maven.surefire.junit4.JUnit4Provider.invoke(JUnit4Provider.java:112)
	at sun.reflect.NativeMethodAccessorImpl.invoke0(Native Method)
	at sun.reflect.NativeMethodAccessorImpl.invoke(NativeMethodAccessorImpl.java:57)
	at sun.reflect.DelegatingMethodAccessorImpl.invoke(DelegatingMethodAccessorImpl.java:43)
	at java.lang.reflect.Method.invoke(Method.java:606)
	at org.apache.maven.surefire.util.ReflectionUtils.invokeMethodWithArray(ReflectionUtils.java:189)
	at org.apache.maven.surefire.booter.ProviderFactory$ProviderProxy.invoke(ProviderFactory.java:165)
	at org.apache.maven.surefire.booter.ProviderFactory.invokeProvider(ProviderFactory.java:85)
	at org.apache.maven.surefire.booter.ForkedBooter.runSuitesInProcess(ForkedBooter.java:115)
	at org.apache.maven.surefire.booter.ForkedBooter.main(ForkedBooter.java:75)
</error>
    <system-err>九月 25, 2017 9:38:48 上午 org.springframework.test.context.web.WebTestContextBootstrapper getDefaultTestExecutionListenerClassNames
信息: Loaded default TestExecutionListener class names from location [META-INF/spring.factories]: [org.springframework.test.context.web.ServletTestExecutionListener, org.springframework.test.context.support.DirtiesContextBeforeModesTestExecutionListener, org.springframework.test.context.support.DependencyInjectionTestExecutionListener, org.springframework.test.context.support.DirtiesContextTestExecutionListener, org.springframework.test.context.transaction.TransactionalTestExecutionListener, org.springframework.test.context.jdbc.SqlScriptsTestExecutionListener]
九月 25, 2017 9:38:48 上午 org.springframework.test.context.web.WebTestContextBootstrapper getTestExecutionListeners
信息: Using TestExecutionListeners: [org.springframework.test.context.web.ServletTestExecutionListener@19e6018b, org.springframework.test.context.support.DirtiesContextBeforeModesTestExecutionListener@4b6f59f5, org.springframework.test.context.support.DependencyInjectionTestExecutionListener@7b7b0a83, org.springframework.test.context.support.DirtiesContextTestExecutionListener@4aef5dca, org.springframework.test.context.transaction.TransactionalTestExecutionListener@28f69f35, org.springframework.test.context.jdbc.SqlScriptsTestExecutionListener@574e6595]
九月 25, 2017 9:38:48 上午 org.springframework.beans.factory.xml.XmlBeanDefinitionReader loadBeanDefinitions
信息: Loading XML bean definitions from class path resource [applicationContext.xml]
九月 25, 2017 9:38:48 上午 org.springframework.beans.factory.xml.XmlBeanDefinitionReader loadBeanDefinitions
信息: Loading XML bean definitions from URL [file:src/main/webapp/WEB-INF/dispatcherServlet-servlet.xml]
九月 25, 2017 9:38:48 上午 org.springframework.web.context.support.GenericWebApplicationContext prepareRefresh
信息: Refreshing org.springframework.web.context.support.GenericWebApplicationContext@41b5e3ad: startup date [Mon Sep 25 09:38:48 CST 2017]; root of context hierarchy
九月 25, 2017 9:38:49 上午 org.springframework.web.servlet.handler.SimpleUrlHandlerMapping registerHandler
信息: Mapped URL path [/**] onto handler &apos;org.springframework.web.servlet.resource.DefaultServletHttpRequestHandler#0&apos;
九月 25, 2017 9:38:49 上午 org.springframework.web.servlet.mvc.method.annotation.RequestMappingHandlerMapping register
信息: Mapped &quot;{[/getDepts]}&quot; onto public com.cm.crud.bean.Msg com.cm.crud.controller.DepartmentController.getDepts()
九月 25, 2017 9:38:49 上午 org.springframework.web.servlet.mvc.method.annotation.RequestMappingHandlerMapping register
信息: Mapped &quot;{[/emp/{empId}],methods=[PUT]}&quot; onto public com.cm.crud.bean.Msg com.cm.crud.controller.EmployeeController.saveEmp(com.cm.crud.bean.Employee,javax.servlet.http.HttpServletRequest)
九月 25, 2017 9:38:49 上午 org.springframework.web.servlet.mvc.method.annotation.RequestMappingHandlerMapping register
信息: Mapped &quot;{[/emp],methods=[POST]}&quot; onto public com.cm.crud.bean.Msg com.cm.crud.controller.EmployeeController.saveEmp(com.cm.crud.bean.Employee,org.springframework.validation.BindingResult)
九月 25, 2017 9:38:49 上午 org.springframework.web.servlet.mvc.method.annotation.RequestMappingHandlerMapping register
信息: Mapped &quot;{[/checkUser]}&quot; onto public com.cm.crud.bean.Msg com.cm.crud.controller.EmployeeController.checkUser(java.lang.String)
九月 25, 2017 9:38:49 上午 org.springframework.web.servlet.mvc.method.annotation.RequestMappingHandlerMapping register
信息: Mapped &quot;{[/emp/{id}],methods=[GET]}&quot; onto public com.cm.crud.bean.Msg com.cm.crud.controller.EmployeeController.getEmp(java.lang.Integer)
九月 25, 2017 9:38:49 上午 org.springframework.web.servlet.mvc.method.annotation.RequestMappingHandlerMapping register
信息: Mapped &quot;{[/emp/{ids}],methods=[DELETE]}&quot; onto public com.cm.crud.bean.Msg com.cm.crud.controller.EmployeeController.deleteEmp(java.lang.String)
九月 25, 2017 9:38:49 上午 org.springframework.web.servlet.mvc.method.annotation.RequestMappingHandlerMapping register
信息: Mapped &quot;{[/emp]}&quot; onto public com.cm.crud.bean.Msg com.cm.crud.controller.EmployeeController.getEmpsWithJson(java.lang.Integer)
九月 25, 2017 9:38:49 上午 org.hibernate.validator.internal.util.Version &lt;clinit&gt;
INFO: HV000001: Hibernate Validator 5.1.1.Final
九月 25, 2017 9:38:49 上午 org.springframework.web.servlet.mvc.method.annotation.RequestMappingHandlerAdapter initControllerAdviceCache
信息: Looking for @ControllerAdvice: org.springframework.web.context.support.GenericWebApplicationContext@41b5e3ad: startup date [Mon Sep 25 09:38:48 CST 2017]; root of context hierarchy
九月 25, 2017 9:38:49 上午 org.springframework.web.servlet.mvc.method.annotation.RequestMappingHandlerAdapter initControllerAdviceCache
信息: Looking for @ControllerAdvice: org.springframework.web.context.support.GenericWebApplicationContext@41b5e3ad: startup date [Mon Sep 25 09:38:48 CST 2017]; root of context hierarchy
九月 25, 2017 9:38:50 上午 org.springframework.mock.web.MockServletContext log
信息: Initializing Spring FrameworkServlet &apos;&apos;
九月 25, 2017 9:38:50 上午 org.springframework.test.web.servlet.TestDispatcherServlet initServletBean
信息: FrameworkServlet &apos;&apos;: initialization started
九月 25, 2017 9:38:50 上午 org.springframework.test.web.servlet.TestDispatcherServlet initServletBean
信息: FrameworkServlet &apos;&apos;: initialization completed in 23 ms
</system-err>
  </testcase>
</testsuite>